{"C:\\Users\\KIIT\\OneDrive\\Desktop\\keploy-API\\backend\\server.js": {"path":"C:\\Users\\KIIT\\OneDrive\\Desktop\\keploy-API\\backend\\server.js","statementMap":{"0":{"start":{"line":1,"column":0},"end":{"line":1,"column":27}},"1":{"start":{"line":2,"column":16},"end":{"line":2,"column":34}},"2":{"start":{"line":3,"column":13},"end":{"line":3,"column":28}},"3":{"start":{"line":4,"column":18},"end":{"line":4,"column":40}},"4":{"start":{"line":5,"column":19},"end":{"line":5,"column":49}},"5":{"start":{"line":7,"column":12},"end":{"line":7,"column":21}},"6":{"start":{"line":8,"column":13},"end":{"line":8,"column":37}},"7":{"start":{"line":11,"column":0},"end":{"line":11,"column":16}},"8":{"start":{"line":14,"column":0},"end":{"line":14,"column":12}},"9":{"start":{"line":17,"column":0},"end":{"line":17,"column":24}},"10":{"start":{"line":20,"column":0},"end":{"line":20,"column":34}},"11":{"start":{"line":23,"column":0},"end":{"line":25,"column":3}},"12":{"start":{"line":24,"column":2},"end":{"line":24,"column":50}},"13":{"start":{"line":27,"column":0},"end":{"line":31,"column":1}},"14":{"start":{"line":28,"column":2},"end":{"line":30,"column":5}},"15":{"start":{"line":29,"column":4},"end":{"line":29,"column":65}},"16":{"start":{"line":33,"column":0},"end":{"line":33,"column":21}}},"fnMap":{"0":{"name":"(anonymous_0)","decl":{"start":{"line":23,"column":13},"end":{"line":23,"column":14}},"loc":{"start":{"line":23,"column":27},"end":{"line":25,"column":1}},"line":23},"1":{"name":"(anonymous_1)","decl":{"start":{"line":28,"column":19},"end":{"line":28,"column":20}},"loc":{"start":{"line":28,"column":25},"end":{"line":30,"column":3}},"line":28}},"branchMap":{"0":{"loc":{"start":{"line":8,"column":13},"end":{"line":8,"column":37}},"type":"binary-expr","locations":[{"start":{"line":8,"column":13},"end":{"line":8,"column":29}},{"start":{"line":8,"column":33},"end":{"line":8,"column":37}}],"line":8},"1":{"loc":{"start":{"line":27,"column":0},"end":{"line":31,"column":1}},"type":"if","locations":[{"start":{"line":27,"column":0},"end":{"line":31,"column":1}},{"start":{},"end":{}}],"line":27}},"s":{"0":1,"1":1,"2":1,"3":1,"4":1,"5":1,"6":1,"7":1,"8":1,"9":1,"10":1,"11":1,"12":1,"13":1,"14":0,"15":0,"16":1},"f":{"0":1,"1":0},"b":{"0":[1,0],"1":[0,1]},"_coverageSchema":"1a1c01bbd47fc00a2c39e90264f33305004495a9","hash":"4e3f717a2cfea4d3eedf190911a07ebba55728ac"}
,"C:\\Users\\KIIT\\OneDrive\\Desktop\\keploy-API\\backend\\config\\db.js": {"path":"C:\\Users\\KIIT\\OneDrive\\Desktop\\keploy-API\\backend\\config\\db.js","statementMap":{"0":{"start":{"line":1,"column":0},"end":{"line":1,"column":27}},"1":{"start":{"line":2,"column":17},"end":{"line":2,"column":36}},"2":{"start":{"line":4,"column":18},"end":{"line":16,"column":1}},"3":{"start":{"line":5,"column":2},"end":{"line":15,"column":3}},"4":{"start":{"line":7,"column":17},"end":{"line":10,"column":6}},"5":{"start":{"line":11,"column":4},"end":{"line":11,"column":62}},"6":{"start":{"line":13,"column":4},"end":{"line":13,"column":62}},"7":{"start":{"line":14,"column":4},"end":{"line":14,"column":20}},"8":{"start":{"line":18,"column":0},"end":{"line":18,"column":27}}},"fnMap":{"0":{"name":"(anonymous_0)","decl":{"start":{"line":4,"column":18},"end":{"line":4,"column":19}},"loc":{"start":{"line":4,"column":30},"end":{"line":16,"column":1}},"line":4}},"branchMap":{},"s":{"0":1,"1":1,"2":1,"3":1,"4":1,"5":1,"6":0,"7":0,"8":1},"f":{"0":1},"b":{},"_coverageSchema":"1a1c01bbd47fc00a2c39e90264f33305004495a9","hash":"f041e5b4f4eab988c36cdb83cdba7088a1865926"}
,"C:\\Users\\KIIT\\OneDrive\\Desktop\\keploy-API\\backend\\controllers\\bookController.js": {"path":"C:\\Users\\KIIT\\OneDrive\\Desktop\\keploy-API\\backend\\controllers\\bookController.js","statementMap":{"0":{"start":{"line":1,"column":13},"end":{"line":1,"column":38}},"1":{"start":{"line":4,"column":20},"end":{"line":11,"column":1}},"2":{"start":{"line":5,"column":2},"end":{"line":10,"column":3}},"3":{"start":{"line":6,"column":18},"end":{"line":6,"column":35}},"4":{"start":{"line":7,"column":4},"end":{"line":7,"column":20}},"5":{"start":{"line":9,"column":4},"end":{"line":9,"column":76}},"6":{"start":{"line":14,"column":20},"end":{"line":22,"column":1}},"7":{"start":{"line":15,"column":2},"end":{"line":21,"column":3}},"8":{"start":{"line":16,"column":17},"end":{"line":16,"column":51}},"9":{"start":{"line":17,"column":4},"end":{"line":17,"column":74}},"10":{"start":{"line":17,"column":15},"end":{"line":17,"column":74}},"11":{"start":{"line":18,"column":4},"end":{"line":18,"column":19}},"12":{"start":{"line":20,"column":4},"end":{"line":20,"column":76}},"13":{"start":{"line":25,"column":19},"end":{"line":34,"column":1}},"14":{"start":{"line":26,"column":2},"end":{"line":33,"column":3}},"15":{"start":{"line":27,"column":52},"end":{"line":27,"column":60}},"16":{"start":{"line":28,"column":20},"end":{"line":28,"column":69}},"17":{"start":{"line":29,"column":22},"end":{"line":29,"column":42}},"18":{"start":{"line":30,"column":4},"end":{"line":30,"column":36}},"19":{"start":{"line":32,"column":4},"end":{"line":32,"column":76}},"20":{"start":{"line":37,"column":19},"end":{"line":50,"column":1}},"21":{"start":{"line":38,"column":2},"end":{"line":49,"column":3}},"22":{"start":{"line":39,"column":52},"end":{"line":39,"column":60}},"23":{"start":{"line":40,"column":24},"end":{"line":44,"column":5}},"24":{"start":{"line":45,"column":4},"end":{"line":45,"column":81}},"25":{"start":{"line":45,"column":22},"end":{"line":45,"column":81}},"26":{"start":{"line":46,"column":4},"end":{"line":46,"column":26}},"27":{"start":{"line":48,"column":4},"end":{"line":48,"column":76}},"28":{"start":{"line":53,"column":19},"end":{"line":61,"column":1}},"29":{"start":{"line":54,"column":2},"end":{"line":60,"column":3}},"30":{"start":{"line":55,"column":24},"end":{"line":55,"column":67}},"31":{"start":{"line":56,"column":4},"end":{"line":56,"column":81}},"32":{"start":{"line":56,"column":22},"end":{"line":56,"column":81}},"33":{"start":{"line":57,"column":4},"end":{"line":57,"column":55}},"34":{"start":{"line":59,"column":4},"end":{"line":59,"column":76}},"35":{"start":{"line":63,"column":0},"end":{"line":69,"column":2}}},"fnMap":{"0":{"name":"(anonymous_0)","decl":{"start":{"line":4,"column":20},"end":{"line":4,"column":21}},"loc":{"start":{"line":4,"column":40},"end":{"line":11,"column":1}},"line":4},"1":{"name":"(anonymous_1)","decl":{"start":{"line":14,"column":20},"end":{"line":14,"column":21}},"loc":{"start":{"line":14,"column":40},"end":{"line":22,"column":1}},"line":14},"2":{"name":"(anonymous_2)","decl":{"start":{"line":25,"column":19},"end":{"line":25,"column":20}},"loc":{"start":{"line":25,"column":39},"end":{"line":34,"column":1}},"line":25},"3":{"name":"(anonymous_3)","decl":{"start":{"line":37,"column":19},"end":{"line":37,"column":20}},"loc":{"start":{"line":37,"column":39},"end":{"line":50,"column":1}},"line":37},"4":{"name":"(anonymous_4)","decl":{"start":{"line":53,"column":19},"end":{"line":53,"column":20}},"loc":{"start":{"line":53,"column":39},"end":{"line":61,"column":1}},"line":53}},"branchMap":{"0":{"loc":{"start":{"line":17,"column":4},"end":{"line":17,"column":74}},"type":"if","locations":[{"start":{"line":17,"column":4},"end":{"line":17,"column":74}},{"start":{},"end":{}}],"line":17},"1":{"loc":{"start":{"line":45,"column":4},"end":{"line":45,"column":81}},"type":"if","locations":[{"start":{"line":45,"column":4},"end":{"line":45,"column":81}},{"start":{},"end":{}}],"line":45},"2":{"loc":{"start":{"line":56,"column":4},"end":{"line":56,"column":81}},"type":"if","locations":[{"start":{"line":56,"column":4},"end":{"line":56,"column":81}},{"start":{},"end":{}}],"line":56}},"s":{"0":2,"1":2,"2":3,"3":3,"4":2,"5":1,"6":2,"7":3,"8":3,"9":2,"10":1,"11":1,"12":1,"13":2,"14":2,"15":2,"16":2,"17":2,"18":1,"19":1,"20":2,"21":2,"22":2,"23":2,"24":1,"25":0,"26":1,"27":1,"28":2,"29":2,"30":2,"31":2,"32":1,"33":1,"34":0,"35":2},"f":{"0":3,"1":3,"2":2,"3":2,"4":2},"b":{"0":[1,1],"1":[0,1],"2":[1,1]},"_coverageSchema":"1a1c01bbd47fc00a2c39e90264f33305004495a9","hash":"80159d6e7579176aac5803006831270b894bf4fa"}
,"C:\\Users\\KIIT\\OneDrive\\Desktop\\keploy-API\\backend\\models\\Book.js": {"path":"C:\\Users\\KIIT\\OneDrive\\Desktop\\keploy-API\\backend\\models\\Book.js","statementMap":{"0":{"start":{"line":1,"column":17},"end":{"line":1,"column":36}},"1":{"start":{"line":3,"column":19},"end":{"line":22,"column":2}},"2":{"start":{"line":24,"column":13},"end":{"line":24,"column":47}},"3":{"start":{"line":26,"column":0},"end":{"line":26,"column":22}}},"fnMap":{},"branchMap":{},"s":{"0":2,"1":2,"2":2,"3":2},"f":{},"b":{},"_coverageSchema":"1a1c01bbd47fc00a2c39e90264f33305004495a9","hash":"a81081fd1aed45aaf30c74e533686d7b0d32955f"}
,"C:\\Users\\KIIT\\OneDrive\\Desktop\\keploy-API\\backend\\routes\\bookRoutes.js": {"path":"C:\\Users\\KIIT\\OneDrive\\Desktop\\keploy-API\\backend\\routes\\bookRoutes.js","statementMap":{"0":{"start":{"line":1,"column":16},"end":{"line":1,"column":34}},"1":{"start":{"line":2,"column":15},"end":{"line":2,"column":31}},"2":{"start":{"line":3,"column":23},"end":{"line":3,"column":63}},"3":{"start":{"line":6,"column":0},"end":{"line":6,"column":44}},"4":{"start":{"line":9,"column":0},"end":{"line":9,"column":47}},"5":{"start":{"line":12,"column":0},"end":{"line":12,"column":44}},"6":{"start":{"line":15,"column":0},"end":{"line":15,"column":46}},"7":{"start":{"line":18,"column":0},"end":{"line":18,"column":49}},"8":{"start":{"line":20,"column":0},"end":{"line":20,"column":24}}},"fnMap":{},"branchMap":{},"s":{"0":1,"1":1,"2":1,"3":1,"4":1,"5":1,"6":1,"7":1,"8":1},"f":{},"b":{},"_coverageSchema":"1a1c01bbd47fc00a2c39e90264f33305004495a9","hash":"b5ada510888fcb4b9e82460b9ff9e63d476ab15d"}
}
